{"name":"I update a new created user on the application","id":"users-crud-test:I update a new created user on the application","testSteps":[{"number":1,"description":"When I send a PATCH request to the application using a valid payload","duration":752,"startTime":"2022-06-21T18:12:53.807+01:00[Europe/London]","exception":{"errorType":"java.lang.AssertionError","message":"1 expectation failed.\nExpected status code \u003c200\u003e but was \u003c404\u003e.\n","stackTrace":[{"declaringClass":"io.restassured.internal.ResponseSpecificationImpl","methodName":"validateResponseIfRequired","fileName":"ResponseSpecificationImpl.groovy","lineNumber":636},{"declaringClass":"io.restassured.internal.ResponseSpecificationImpl","methodName":"statusCode","fileName":"ResponseSpecificationImpl.groovy","lineNumber":122},{"declaringClass":"io.restassured.internal.ResponseSpecificationImpl","methodName":"statusCode","fileName":"ResponseSpecificationImpl.groovy","lineNumber":130},{"declaringClass":"io.restassured.internal.ValidatableResponseOptionsImpl","methodName":"statusCode","fileName":"ValidatableResponseOptionsImpl.java","lineNumber":117},{"declaringClass":"in.co.gorest.steps.UserStep","methodName":"iSendAPATCHRequestToTheApplicationUsingAValidPayload","fileName":"UserStep.java","lineNumber":60},{"declaringClass":"✽","methodName":"When I send a PATCH request to the application using a valid payload","fileName":"User.feature","lineNumber":16}]},"result":"FAILURE","precondition":false,"children":[{"number":2,"description":"Update User with ID:0,name : SunShain46067_updated, Gender: female, email: tenali.ramakrishna20628@email.com, status: active","duration":737,"startTime":"2022-06-21T18:12:53.807+01:00[Europe/London]","result":"SUCCESS","precondition":false,"children":[{"number":3,"description":"PATCH https://gorest.co.in/public/v2/users/0\r\r","duration":0,"startTime":"2022-06-21T18:12:54.544+01:00[Europe/London]","result":"SUCCESS","restQuery":{"method":"PATCH","path":"https://gorest.co.in/public/v2/users/0\r\r","content":"{\n    \"name\": \"SunShain46067_updated\",\n    \"gender\": \"female\",\n    \"email\": \"tenali.ramakrishna20628@email.com\",\n    \"status\": \"active\"\n}\r","contentType":"application/json","requestHeaders":"Authorization\u003dBearer 0f23b136e758c180b7e1e8eae923b96a7a792697594a0925c10f3c923405d9dc\r\n\t\t\t\tAccept\u003d*/*\r\n\t\t\t\tContent-Type\u003dapplication/json; charset\u003dUTF-8\r\r","requestCookies":"\r\r","responseHeaders":"Server: nginx\nDate: Tue, 21 Jun 2022 17:12:54 GMT\nContent-Type: application/json; charset\u003dutf-8\nTransfer-Encoding: chunked\nConnection: keep-alive\nVary: Accept-Encoding\nX-Frame-Options: SAMEORIGIN\nX-XSS-Protection: 0\nX-Content-Type-Options: nosniff\nX-Download-Options: noopen\nX-Permitted-Cross-Domain-Policies: none\nReferrer-Policy: strict-origin-when-cross-origin\nX-RateLimit-Limit: 90\nX-RateLimit-Remaining: 89\nX-RateLimit-Reset: 1\nCache-Control: no-cache\nX-Request-Id: af3bf5d8-49cf-4d4a-9301-ed3bd0f7bef0\nX-Runtime: 0.012662\nStrict-Transport-Security: max-age\u003d63072000; includeSubDomains\nVary: Origin\nContent-Encoding: gzip\r","responseCookies":"\r","responseBody":"{\n    \"message\": \"Resource not found\"\n}","statusCode":404},"precondition":false}]}]},{"number":4,"description":"And I get a valid status code 200 from the application","duration":0,"startTime":"2022-06-21T18:12:54.559+01:00[Europe/London]","result":"SKIPPED","precondition":false},{"number":5,"description":"Then I verify if the new user updated with correct details","duration":0,"startTime":"2022-06-21T18:12:54.559+01:00[Europe/London]","result":"SKIPPED","precondition":false}],"userStory":{"id":"users-crud-test","storyName":"Users CRUD Test","path":"User.feature","narrative":"As a user I would like to verify to CRUD operation of the application","type":"feature"},"featureTag":{"name":"Users CRUD Test","type":"feature"},"title":"I update a new created user on the application","description":"","tags":[{"name":"Users CRUD Test","type":"feature"},{"name":"Users","type":"tag"}],"startTime":"2022-06-21T18:12:53.807+01:00[Europe/London]","duration":752,"testFailureCause":{"errorType":"java.lang.AssertionError","message":"1 expectation failed.\nExpected status code \u003c200\u003e but was \u003c404\u003e.\n","stackTrace":[{"declaringClass":"io.restassured.internal.ResponseSpecificationImpl","methodName":"validateResponseIfRequired","fileName":"ResponseSpecificationImpl.groovy","lineNumber":636},{"declaringClass":"io.restassured.internal.ResponseSpecificationImpl","methodName":"statusCode","fileName":"ResponseSpecificationImpl.groovy","lineNumber":122},{"declaringClass":"io.restassured.internal.ResponseSpecificationImpl","methodName":"statusCode","fileName":"ResponseSpecificationImpl.groovy","lineNumber":130},{"declaringClass":"io.restassured.internal.ValidatableResponseOptionsImpl","methodName":"statusCode","fileName":"ValidatableResponseOptionsImpl.java","lineNumber":117},{"declaringClass":"in.co.gorest.steps.UserStep","methodName":"iSendAPATCHRequestToTheApplicationUsingAValidPayload","fileName":"UserStep.java","lineNumber":60},{"declaringClass":"✽","methodName":"When I send a PATCH request to the application using a valid payload","fileName":"User.feature","lineNumber":16}]},"testFailureClassname":"java.lang.AssertionError","testFailureMessage":"1 expectation failed.\nExpected status code \u003c200\u003e but was \u003c404\u003e.\n","testFailureSummary":"FAILURE;java.lang.AssertionError;1 expectation failed.\nExpected status code \u003c200\u003e but was \u003c404\u003e.\n;ResponseSpecificationImpl.groovy","projectKey":"","annotatedResult":"FAILURE","manual":false,"result":"FAILURE"}