<?xml version="1.0" encoding="UTF-8"?><testsuite errors="2" failures="3" name="Users CRUD Test" skipped="0" tests="5" time="9.18" timestamp="2022-06-21T18:12:45.664+01:00[Europe/London]"><testcase name="I create a new user on the application"><error type="java.lang.NullPointerException"/><system-err>null&#13;
in.co.gorest.steps.UserStep.iSendAPOSTRequestToTheApplicationUsingAValidPayload(UserStep.java:32)&#13;
✽.When I send a POST request to the application using a valid payload(User.feature:6)&#13;
</system-err></testcase><testcase name="I read a new created user from the application"><failure message="1 expectation failed.&#10;Expected status code &lt;200&gt; but was &lt;404&gt;.&#10;" type="java.lang.AssertionError">1 expectation failed.
Expected status code &lt;200&gt; but was &lt;404&gt;.
</failure><system-err>1 expectation failed.
Expected status code &lt;200&gt; but was &lt;404&gt;.
&#13;
io.restassured.internal.ResponseSpecificationImpl.validateResponseIfRequired(ResponseSpecificationImpl.groovy:636)&#13;
io.restassured.internal.ResponseSpecificationImpl.statusCode(ResponseSpecificationImpl.groovy:122)&#13;
io.restassured.internal.ResponseSpecificationImpl.statusCode(ResponseSpecificationImpl.groovy:130)&#13;
io.restassured.internal.ValidatableResponseOptionsImpl.statusCode(ValidatableResponseOptionsImpl.java:117)&#13;
in.co.gorest.steps.UserStep.iSendAGETRequestToTheApplicationToReadNewlyCreatedUser(UserStep.java:46)&#13;
✽.When I send a GET request to the application to read newly created user(User.feature:11)&#13;
</system-err></testcase><testcase name="I update a new created user on the application"><failure message="1 expectation failed.&#10;Expected status code &lt;200&gt; but was &lt;404&gt;.&#10;" type="java.lang.AssertionError">1 expectation failed.
Expected status code &lt;200&gt; but was &lt;404&gt;.
</failure><system-err>1 expectation failed.
Expected status code &lt;200&gt; but was &lt;404&gt;.
&#13;
io.restassured.internal.ResponseSpecificationImpl.validateResponseIfRequired(ResponseSpecificationImpl.groovy:636)&#13;
io.restassured.internal.ResponseSpecificationImpl.statusCode(ResponseSpecificationImpl.groovy:122)&#13;
io.restassured.internal.ResponseSpecificationImpl.statusCode(ResponseSpecificationImpl.groovy:130)&#13;
io.restassured.internal.ValidatableResponseOptionsImpl.statusCode(ValidatableResponseOptionsImpl.java:117)&#13;
in.co.gorest.steps.UserStep.iSendAPATCHRequestToTheApplicationUsingAValidPayload(UserStep.java:60)&#13;
✽.When I send a PATCH request to the application using a valid payload(User.feature:16)&#13;
</system-err></testcase><testcase name="I delete a new created user from the application"><failure message="1 expectation failed.&#10;Expected status code &lt;204&gt; but was &lt;404&gt;.&#10;" type="java.lang.AssertionError">1 expectation failed.
Expected status code &lt;204&gt; but was &lt;404&gt;.
</failure><system-err>1 expectation failed.
Expected status code &lt;204&gt; but was &lt;404&gt;.
&#13;
io.restassured.internal.ResponseSpecificationImpl.validateResponseIfRequired(ResponseSpecificationImpl.groovy:636)&#13;
io.restassured.internal.ResponseSpecificationImpl.statusCode(ResponseSpecificationImpl.groovy:122)&#13;
io.restassured.internal.ResponseSpecificationImpl.statusCode(ResponseSpecificationImpl.groovy:130)&#13;
io.restassured.internal.ValidatableResponseOptionsImpl.statusCode(ValidatableResponseOptionsImpl.java:117)&#13;
in.co.gorest.steps.UserStep.iSendADELETERequestToTheApplication(UserStep.java:72)&#13;
✽.When I send a DELETE request to the application(User.feature:21)&#13;
</system-err></testcase><testcase name="I get all users of the application"><error message="Arity mismatch: Step Definition 'in.co.gorest.steps.UserStep.iVerifyIfTotalRecordsAre(int,String) in file:/C:/Users/rinky/IdeaProjects/gorest-serenity-cucumber-api/target/test-classes/' with pattern [^I verify if total records are (\d+)$] is declared with 2 parameters. However, the gherkin step has 1 arguments [20]. &#10;Step: And I verify if total records are 20" type="cucumber.runtime.CucumberException">Arity mismatch: Step Definition 'in.co.gorest.steps.UserStep.iVerifyIfTotalRecordsAre(int,String) in file:/C:/Users/rinky/IdeaProjects/gorest-serenity-cucumber-api/target/test-classes/' with pattern [^I verify if total records are (\d+)$] is declared with 2 parameters. However, the gherkin step has 1 arguments [20]. 
Step: And I verify if total records are 20</error><system-err>Arity mismatch: Step Definition 'in.co.gorest.steps.UserStep.iVerifyIfTotalRecordsAre(int,String) in file:/C:/Users/rinky/IdeaProjects/gorest-serenity-cucumber-api/target/test-classes/' with pattern [^I verify if total records are (\d+)$] is declared with 2 parameters. However, the gherkin step has 1 arguments [20]. 
Step: And I verify if total records are 20&#13;
</system-err></testcase></testsuite>